0 info it worked if it ends with ok
1 verbose cli [ 'C:\\dev\\app\\nodejs\\\\node.exe',
1 verbose cli   'C:\\dev\\app\\nodejs\\node_modules\\npm\\bin\\npm-cli.js',
1 verbose cli   'test' ]
2 info using npm@1.4.3
3 info using node@v0.10.26
4 verbose node symlink C:\dev\app\nodejs\\node.exe
5 error Error: ENOENT, open 'C:\dev\Java\NetBeansProjects\common-app-javaee7\config\package.json'
6 error If you need help, you may report this *entire* log,
6 error including the npm and node versions, at:
6 error     <http://github.com/npm/npm/issues>
7 error System Windows_NT 6.2.9200
8 error command "C:\\dev\\app\\nodejs\\\\node.exe" "C:\\dev\\app\\nodejs\\node_modules\\npm\\bin\\npm-cli.js" "test"
9 error cwd C:\dev\Java\NetBeansProjects\common-app-javaee7\config
10 error node -v v0.10.26
11 error npm -v 1.4.3
12 error path C:\dev\Java\NetBeansProjects\common-app-javaee7\config\package.json
13 error code ENOENT
14 error errno 34
15 verbose exit [ 34, true ]
